--------------------------------- Version Log ----------------------------------
Version                                 Path
System Generator 13.3                   /scratch/Xilinx/13.3/ISE_DS/ISE/sysgen
Matlab 7.10.0.499 (R2010a)              /scratch/mathworks/R2010a
ISE                                     /scratch/Xilinx/13.3/ISE_DS/ISE
--------------------------------------------------------------------------------
Summary of Errors:
Error 0001: Undriven input port
     Block: 'roachf_1024ch_ma/switch/Subsystem/Mux'
Error 0002: Undriven input port
     Block: 'roachf_1024ch_ma/switch/ip_generator/Register'
Error 0003: Undriven input port
     Block: 'roachf_1024ch_ma/switch/ip_generator/Register1'
Error 0004: Undriven input port
     Block: 'roachf_1024ch_ma/switch/ip_generator/Register2'
Error 0005: Undriven input port
     Block: 'roachf_1024ch_ma/switch/ip_generator/Register3'
--------------------------------------------------------------------------------

Error 0001:

Reported by:
  'roachf_1024ch_ma/switch/Subsystem/Mux'

Details:
The input ports on this block must be driven by other Xilinx blocks
--------------------------------------------------------------------------------

Error 0001:

Reported by:
  'roachf_1024ch_ma/switch/ip_generator/Register'

Details:
The input ports on this block must be driven by other Xilinx blocks
--------------------------------------------------------------------------------

Error 0001:

Reported by:
  'roachf_1024ch_ma/switch/ip_generator/Register1'

Details:
The input ports on this block must be driven by other Xilinx blocks
--------------------------------------------------------------------------------

Error 0001:

Reported by:
  'roachf_1024ch_ma/switch/ip_generator/Register2'

Details:
The input ports on this block must be driven by other Xilinx blocks
--------------------------------------------------------------------------------

Error 0001:

Reported by:
  'roachf_1024ch_ma/switch/ip_generator/Register3'

Details:
The input ports on this block must be driven by other Xilinx blocks
--------------------------------------------------------------------------------
