xlpersistentdff.ngc /scratch/zaki/workspace/roachfengine/roachf_2048ch/sysgen/sysgen/perl_results.vhd mlt_11_2_2e9321d80be8bb8a.vhd cntr_11_0_9b19b69f1946892e.vhd cntr_11_0_8869969bd2303665.v bmg_33_4c2b84f72036519d.mif cntr_11_0_a26a02e5fda52d58.vhd bmg_33_c09e2494d7a7b5a4.ngc cntr_11_0_4766397a2cb82e6c.v bmg_33_2ddf565839052280.ngc bmg_33_ceba1f83ce9d2509.vhd cntr_11_0_dc314b8b6483eda0.vhd bmg_33_2ddf565839052280.v cntr_11_0_39c11ed0260a265a.vhd cntr_11_0_3e48e6bb94d6d577.vhd addsb_11_0_a25ab30f6829c208.v mlt_11_2_2e9321d80be8bb8a.v dmg_43_7b326199bbc0575c.vhd cntr_11_0_ae406e50e98e0e45.v fifo_fg53_e01c93fed44dafc4.vhd bmg_33_e4cac21e8ed012aa.mif fifo_fg53_e01c93fed44dafc4.ngc dmg_43_7b326199bbc0575c.ngc cntr_11_0_f02c881303926bfa.ngc cntr_11_0_87d335e994d59139.vhd cntr_11_0_8b305ccf84a90afe.vhd addsb_11_0_a25ab30f6829c208.ngc bmg_33_ceba1f83ce9d2509.mif cntr_11_0_a26a02e5fda52d58.ngc bmg_33_2ddf565839052280.mif cntr_11_0_4766397a2cb82e6c.ngc cntr_11_0_8869969bd2303665.ngc cntr_11_0_39c11ed0260a265a.v fifo_fg53_e01c93fed44dafc4.v fifo_fg53_e06690cdbc1dc7ca.vhd cntr_11_0_05e2750227d8d748.vhd bmg_33_e4cac21e8ed012aa.vhd cntr_11_0_05e2750227d8d748.v cntr_11_0_29076546cca80226.v cntr_11_0_a26a02e5fda52d58.v bmg_33_ea646125a4d80bcf.vhd cntr_11_0_8b305ccf84a90afe.ngc cntr_11_0_29076546cca80226.vhd dmg_43_7b326199bbc0575c.v cntr_11_0_3e48e6bb94d6d577.ngc fifo_fg53_d5c899ca81df0776.vhd cntr_11_0_29076546cca80226.ngc cntr_11_0_f02c881303926bfa.vhd cntr_11_0_f02c881303926bfa.v cntr_11_0_7082ab16cd93bab0.ngc bmg_33_e4cac21e8ed012aa.v bmg_33_c09e2494d7a7b5a4.vhd asr_11_0_372caaa934b22d95.v mlt_11_2_fb712a1e6f4360e8.ngc cntr_11_0_dc314b8b6483eda0.ngc bmg_33_ea646125a4d80bcf.v bmg_33_c09e2494d7a7b5a4.v cntr_11_0_286e61d5bf87dbe2.v fifo_fg53_e06690cdbc1dc7ca.v asr_11_0_372caaa934b22d95.mif cntr_11_0_9b19b69f1946892e.v cntr_11_0_7a62a1023205fc04.ngc mlt_11_2_fb712a1e6f4360e8.v bmg_33_2ddf565839052280.vhd asr_11_0_372caaa934b22d95.vhd cntr_11_0_39c11ed0260a265a.ngc cntr_11_0_87d335e994d59139.v cntr_11_0_286e61d5bf87dbe2.vhd cntr_11_0_87d335e994d59139.ngc cntr_11_0_b77d302451b8d8f9.ngc cntr_11_0_b77d302451b8d8f9.v bmg_33_4c2b84f72036519d.ngc bmg_33_e4cac21e8ed012aa.ngc mlt_11_2_2e9321d80be8bb8a.ngc bmg_33_7de9efda5baafcf4.ngc cntr_11_0_3e48e6bb94d6d577.v bmg_33_ceba1f83ce9d2509.v bmg_33_7de9efda5baafcf4.v cntr_11_0_7a62a1023205fc04.vhd cntr_11_0_dc314b8b6483eda0.v addsb_11_0_a25ab30f6829c208.vhd cntr_11_0_ae406e50e98e0e45.ngc bmg_33_7de9efda5baafcf4.mif bmg_33_4c2b84f72036519d.v cntr_11_0_8869969bd2303665.vhd fifo_fg53_e06690cdbc1dc7ca.ngc cntr_11_0_8b305ccf84a90afe.v cntr_11_0_ae406e50e98e0e45.vhd dmg_43_7b326199bbc0575c.mif cntr_11_0_286e61d5bf87dbe2.ngc fifo_fg53_d5c899ca81df0776.v bmg_33_4c2b84f72036519d.vhd cntr_11_0_9b19b69f1946892e.ngc cntr_11_0_05e2750227d8d748.ngc fifo_fg53_d5c899ca81df0776.ngc bmg_33_ea646125a4d80bcf.mif bmg_33_ceba1f83ce9d2509.ngc asr_11_0_372caaa934b22d95.ngc cntr_11_0_b77d302451b8d8f9.vhd cntr_11_0_7082ab16cd93bab0.vhd bmg_33_c09e2494d7a7b5a4.mif cntr_11_0_4766397a2cb82e6c.vhd bmg_33_ea646125a4d80bcf.ngc bmg_33_7de9efda5baafcf4.vhd mlt_11_2_fb712a1e6f4360e8.vhd cntr_11_0_7082ab16cd93bab0.v cntr_11_0_7a62a1023205fc04.v nonleaf_results.vhd synopsis
opened file roachf_2048ch.vhd
copied mlt_11_2_2e9321d80be8bb8a.vhd
copied cntr_11_0_9b19b69f1946892e.vhd
copied cntr_11_0_a26a02e5fda52d58.vhd
copied bmg_33_ceba1f83ce9d2509.vhd
copied cntr_11_0_dc314b8b6483eda0.vhd
copied cntr_11_0_39c11ed0260a265a.vhd
copied cntr_11_0_3e48e6bb94d6d577.vhd
copied dmg_43_7b326199bbc0575c.vhd
copied fifo_fg53_e01c93fed44dafc4.vhd
copied cntr_11_0_87d335e994d59139.vhd
copied cntr_11_0_8b305ccf84a90afe.vhd
copied fifo_fg53_e06690cdbc1dc7ca.vhd
copied cntr_11_0_05e2750227d8d748.vhd
copied bmg_33_e4cac21e8ed012aa.vhd
copied bmg_33_ea646125a4d80bcf.vhd
copied cntr_11_0_29076546cca80226.vhd
copied fifo_fg53_d5c899ca81df0776.vhd
copied cntr_11_0_f02c881303926bfa.vhd
copied bmg_33_c09e2494d7a7b5a4.vhd
copied bmg_33_2ddf565839052280.vhd
copied asr_11_0_372caaa934b22d95.vhd
copied cntr_11_0_286e61d5bf87dbe2.vhd
copied cntr_11_0_7a62a1023205fc04.vhd
copied addsb_11_0_a25ab30f6829c208.vhd
copied cntr_11_0_8869969bd2303665.vhd
copied cntr_11_0_ae406e50e98e0e45.vhd
copied bmg_33_4c2b84f72036519d.vhd
copied cntr_11_0_b77d302451b8d8f9.vhd
copied cntr_11_0_7082ab16cd93bab0.vhd
copied cntr_11_0_4766397a2cb82e6c.vhd
copied bmg_33_7de9efda5baafcf4.vhd
copied mlt_11_2_fb712a1e6f4360e8.vhd
copied /scratch/zaki/workspace/roachfengine/roachf_2048ch/sysgen/sysgen/perl_results.vhd
copied nonleaf_results.vhd
