xlpersistentdff.ngc /scratch/zaki/workspace/roachfengine/fft_1024ch_core/sysgen/perl_results.vhd bmg_62_aae57d00ceec7456.vhd bmg_62_f1ca57bbf79f0673.mif cntr_11_0_b9730cea34623a8b.ngc bmg_62_6ea787275fdc24d6.mif bmg_62_3a48054ca3a8deec.mif bmg_62_c6cafe6c47d0544c.vhd bmg_62_721e2d25fd18b8a2.mif bmg_62_83efd1fdf9477a72.vhd cntr_11_0_18c024ef1595096b.vhd bmg_62_c6cafe6c47d0544c.mif bmg_62_a6f6b809007e69f9.mif bmg_62_2d23f33d919b4b99.mif bmg_62_6ea787275fdc24d6.ngc cntr_11_0_df2bb90b8fe02ecf.ngc cntr_11_0_b2e26777d24cb38d.ngc bmg_62_2d23f33d919b4b99.ngc bmg_62_7061fc74b87e2931.vhd dmg_62_fcbc247e5bff391a.mif bmg_62_a6f6b809007e69f9.vhd bmg_62_89660d475f29ded2.mif cntr_11_0_df2bb90b8fe02ecf.vhd bmg_62_66e53735c699b53b.ngc bmg_62_37f844592d213796.mif bmg_62_f1ca57bbf79f0673.ngc cntr_11_0_9f5113eef58d42f3.vhd cntr_11_0_511daee48ac62764.vhd bmg_62_16e54f007b53b02e.vhd cntr_11_0_e0d381bcdb78c3cc.vhd cntr_11_0_73d90f0f459a7002.ngc bmg_62_66e53735c699b53b.vhd bmg_62_51321cc7c8e9865c.mif bmg_62_89660d475f29ded2.vhd bmg_62_92fa6367e92d9ee0.ngc cntr_11_0_20f60aed18821bec.vhd dmg_62_fcbc247e5bff391a.vhd cntr_11_0_18c024ef1595096b.ngc cntr_11_0_d4d70c5a247867e8.ngc bmg_62_df2046baee47f05f.mif bmg_62_daa5a8eb8c5c2eed.vhd cntr_11_0_e0d381bcdb78c3cc.ngc bmg_62_51321cc7c8e9865c.vhd bmg_62_83efd1fdf9477a72.ngc cntr_11_0_38c9cb0851a20d91.ngc dmg_62_252dff5223562ed1.mif bmg_62_66e53735c699b53b.mif bmg_62_df2046baee47f05f.ngc cntr_11_0_20f60aed18821bec.ngc cntr_11_0_d4d70c5a247867e8.vhd cntr_11_0_c2e89722de712678.vhd bmg_62_92fa6367e92d9ee0.vhd bmg_62_f1ca57bbf79f0673.vhd bmg_62_92fa6367e92d9ee0.mif cntr_11_0_e9eaaa5672e4be4d.vhd bmg_62_721e2d25fd18b8a2.vhd bmg_62_16e54f007b53b02e.ngc dmg_62_fcbc247e5bff391a.ngc cntr_11_0_35c81e3155ab2f6f.vhd cntr_11_0_b9730cea34623a8b.vhd bmg_62_250528f931baf469.vhd cntr_11_0_c84d65465c59fb07.vhd bmg_62_16e54f007b53b02e.mif bmg_62_3a48054ca3a8deec.vhd bmg_62_721e2d25fd18b8a2.ngc bmg_62_33b17ff3d27389a4.ngc cntr_11_0_e9eaaa5672e4be4d.ngc bmg_62_daa5a8eb8c5c2eed.mif dmg_62_598fcf326e540b6a.ngc bmg_62_665c019c1c5f5676.mif cntr_11_0_05042eb8e8f7781c.ngc cntr_11_0_7ca694f8efe8d963.ngc bmg_62_aae57d00ceec7456.mif bmg_62_dd882f44239ec05c.vhd cntr_11_0_b2e26777d24cb38d.vhd bmg_62_df2046baee47f05f.vhd bmg_62_3a48054ca3a8deec.ngc bmg_62_83efd1fdf9477a72.mif cntr_11_0_c2e89722de712678.ngc bmg_62_665c019c1c5f5676.vhd cntr_11_0_c53e3b0687343f7a.vhd bmg_62_7061fc74b87e2931.mif bmg_62_37f844592d213796.ngc cntr_11_0_511daee48ac62764.ngc cntr_11_0_92cf1c8e61537910.vhd cntr_11_0_7ca694f8efe8d963.vhd bmg_62_dd882f44239ec05c.ngc cntr_11_0_c84d65465c59fb07.ngc bmg_62_33b17ff3d27389a4.mif bmg_62_250528f931baf469.ngc cntr_11_0_73d90f0f459a7002.vhd bmg_62_7061fc74b87e2931.ngc cntr_11_0_9adf5a9f785e3fb8.vhd bmg_62_33b17ff3d27389a4.vhd bmg_62_c6cafe6c47d0544c.ngc dmg_62_f0d8e22702089fe9.ngc cntr_11_0_92cf1c8e61537910.ngc bmg_62_a6f6b809007e69f9.ngc bmg_62_2d23f33d919b4b99.vhd cntr_11_0_38c9cb0851a20d91.vhd bmg_62_51321cc7c8e9865c.ngc bmg_62_6ea787275fdc24d6.vhd dmg_62_f0d8e22702089fe9.mif dmg_62_252dff5223562ed1.ngc bmg_62_37f844592d213796.vhd cntr_11_0_9f5113eef58d42f3.ngc bmg_62_daa5a8eb8c5c2eed.ngc dmg_62_598fcf326e540b6a.vhd dmg_62_598fcf326e540b6a.mif cntr_11_0_35c81e3155ab2f6f.ngc bmg_62_aae57d00ceec7456.ngc bmg_62_89660d475f29ded2.ngc cntr_11_0_c53e3b0687343f7a.ngc cntr_11_0_9adf5a9f785e3fb8.ngc bmg_62_250528f931baf469.mif dmg_62_f0d8e22702089fe9.vhd cntr_11_0_05042eb8e8f7781c.vhd bmg_62_665c019c1c5f5676.ngc bmg_62_dd882f44239ec05c.mif dmg_62_252dff5223562ed1.vhd nonleaf_results.vhd synopsis
opened file fft_1024ch_core.vhd
copied bmg_62_aae57d00ceec7456.vhd
copied bmg_62_c6cafe6c47d0544c.vhd
copied bmg_62_83efd1fdf9477a72.vhd
copied cntr_11_0_18c024ef1595096b.vhd
copied bmg_62_7061fc74b87e2931.vhd
copied bmg_62_a6f6b809007e69f9.vhd
copied cntr_11_0_df2bb90b8fe02ecf.vhd
copied cntr_11_0_9f5113eef58d42f3.vhd
copied cntr_11_0_511daee48ac62764.vhd
copied bmg_62_16e54f007b53b02e.vhd
copied cntr_11_0_e0d381bcdb78c3cc.vhd
copied bmg_62_66e53735c699b53b.vhd
copied bmg_62_89660d475f29ded2.vhd
copied cntr_11_0_20f60aed18821bec.vhd
copied dmg_62_fcbc247e5bff391a.vhd
copied bmg_62_daa5a8eb8c5c2eed.vhd
copied bmg_62_51321cc7c8e9865c.vhd
copied cntr_11_0_d4d70c5a247867e8.vhd
copied cntr_11_0_c2e89722de712678.vhd
copied bmg_62_92fa6367e92d9ee0.vhd
copied bmg_62_f1ca57bbf79f0673.vhd
copied cntr_11_0_e9eaaa5672e4be4d.vhd
copied bmg_62_721e2d25fd18b8a2.vhd
copied cntr_11_0_35c81e3155ab2f6f.vhd
copied cntr_11_0_b9730cea34623a8b.vhd
copied bmg_62_250528f931baf469.vhd
copied cntr_11_0_c84d65465c59fb07.vhd
copied bmg_62_3a48054ca3a8deec.vhd
copied bmg_62_dd882f44239ec05c.vhd
copied cntr_11_0_b2e26777d24cb38d.vhd
copied bmg_62_df2046baee47f05f.vhd
copied bmg_62_665c019c1c5f5676.vhd
copied cntr_11_0_c53e3b0687343f7a.vhd
copied cntr_11_0_92cf1c8e61537910.vhd
copied cntr_11_0_7ca694f8efe8d963.vhd
copied cntr_11_0_73d90f0f459a7002.vhd
copied cntr_11_0_9adf5a9f785e3fb8.vhd
copied bmg_62_33b17ff3d27389a4.vhd
copied bmg_62_2d23f33d919b4b99.vhd
copied cntr_11_0_38c9cb0851a20d91.vhd
copied bmg_62_6ea787275fdc24d6.vhd
copied bmg_62_37f844592d213796.vhd
copied dmg_62_598fcf326e540b6a.vhd
copied dmg_62_f0d8e22702089fe9.vhd
copied cntr_11_0_05042eb8e8f7781c.vhd
copied dmg_62_252dff5223562ed1.vhd
copied /scratch/zaki/workspace/roachfengine/fft_1024ch_core/sysgen/perl_results.vhd
copied nonleaf_results.vhd
